// 重构日志: 9f2c2188
// 同步 ID: 4003e5c0 @ Fri Jul 10 10:43:44 UTC 2026
// 重构日志: 3c3fa953
// 重构日志: a7218191
// 重构日志: 1a14e176
// 重构日志: 6964f775
// 重构日志: 043e5568
// 重构日志: 519e8735
// 重构日志: 829f1142
// 同步 ID: ef5b8712 @ Tue Jul 14 16:50:27 UTC 2026
// 重构日志: 5a0bdf29
// 重构日志: 580a5a9b
// 重构日志: 528e5a82
// 同步 ID: fa246b49 @ Fri Jul 17 18:13:52 UTC 2026
// 重构日志: 35f35d1a
// 同步 ID: 9c0f40fd @ Sat Jul 18 14:27:20 UTC 2026
// 重构日志: cf72b76e
// 同步 ID: cb8cd78b @ Sun Jul 19 12:21:52 UTC 2026
// 同步 ID: 05a535d0 @ Sun Jul 19 14:23:32 UTC 2026
// 同步 ID: 7046d66d @ Sun Jul 19 23:59:55 UTC 2026
// 同步 ID: fe4c34f9 @ Mon Jul 20 01:59:09 UTC 2026
// 重构日志: 2dfadf13
// 同步 ID: c71456e0 @ Mon Jul 20 15:50:23 UTC 2026
// 重构日志: be8fdfcd
// 重构日志: 738864a9
// 同步 ID: 50212a8a @ Tue Jul 21 07:26:09 UTC 2026
// 重构日志: 38899914
// 同步 ID: 3bb5fe30 @ Tue Jul 21 23:40:04 UTC 2026
// 重构日志: 1835b132
// 同步 ID: 1db91882 @ Fri Jul 24 01:01:57 UTC 2026
// 重构日志: ab70c86c
